
3월 16, 2022 01:18:49.829 NEW SESSION
3월 16, 2022 01:18:49.829 [2764:21036:0316/011849.822:ERROR:device_event_log_impl.cc(214)] [01:18:49.822] USB: usb_device_handle_win.cc:1049 Failed to read descriptor from node connection: 시스템에 부착된 장치가 작동하지 않습니다. (0x1F)
3월 16, 2022 01:18:49.831 [2764:21036:0316/011849.823:ERROR:device_event_log_impl.cc(214)] [01:18:49.823] USB: usb_device_handle_win.cc:1049 Failed to read descriptor from node connection: 시스템에 부착된 장치가 작동하지 않습니다. (0x1F)
3월 16, 2022 01:18:49.831 [2764:21036:0316/011849.823:ERROR:device_event_log_impl.cc(214)] [01:18:49.823] USB: usb_device_handle_win.cc:1049 Failed to read descriptor from node connection: 시스템에 부착된 장치가 작동하지 않습니다. (0x1F)
3월 16, 2022 01:19:56.152 [22976:23752:0316/011956.151:ERROR:device_event_log_impl.cc(214)] [01:19:56.150] USB: usb_device_handle_win.cc:1049 Failed to read descriptor from node connection: 시스템에 부착된 장치가 작동하지 않습니다. (0x1F)
3월 16, 2022 01:19:56.153 [22976:23752:0316/011956.153:ERROR:device_event_log_impl.cc(214)] [01:19:56.152] USB: usb_device_handle_win.cc:1049 Failed to read descriptor from node connection: 시스템에 부착된 장치가 작동하지 않습니다. (0x1F)
3월 16, 2022 01:19:56.154 [22976:23752:0316/011956.153:ERROR:device_event_log_impl.cc(214)] [01:19:56.152] USB: usb_device_handle_win.cc:1049 Failed to read descriptor from node connection: 시스템에 부착된 장치가 작동하지 않습니다. (0x1F)
3월 16, 2022 01:32:35.431 [11972:4028:0316/013235.429:ERROR:device_event_log_impl.cc(214)] [01:32:35.429] USB: usb_device_handle_win.cc:1049 Failed to read descriptor from node connection: 시스템에 부착된 장치가 작동하지 않습니다. (0x1F)
3월 16, 2022 01:32:35.436 [11972:4028:0316/013235.429:ERROR:device_event_log_impl.cc(214)] [01:32:35.430] USB: usb_device_handle_win.cc:1049 Failed to read descriptor from node connection: 시스템에 부착된 장치가 작동하지 않습니다. (0x1F)
3월 16, 2022 01:32:35.436 [11972:4028:0316/013235.430:ERROR:device_event_log_impl.cc(214)] [01:32:35.430] USB: usb_device_handle_win.cc:1049 Failed to read descriptor from node connection: 시스템에 부착된 장치가 작동하지 않습니다. (0x1F)

3월 16, 2022 09:32:54.885 NEW SESSION
3월 16, 2022 09:32:54.886 [19976:22124:0316/093254.876:ERROR:device_event_log_impl.cc(214)] [09:32:54.876] USB: usb_device_handle_win.cc:1049 Failed to read descriptor from node connection: 시스템에 부착된 장치가 작동하지 않습니다. (0x1F)
3월 16, 2022 09:32:54.887 [19976:22124:0316/093254.877:ERROR:device_event_log_impl.cc(214)] [09:32:54.878] USB: usb_device_handle_win.cc:1049 Failed to read descriptor from node connection: 시스템에 부착된 장치가 작동하지 않습니다. (0x1F)
3월 16, 2022 09:32:54.887 [19976:22124:0316/093254.877:ERROR:device_event_log_impl.cc(214)] [09:32:54.878] USB: usb_device_handle_win.cc:1049 Failed to read descriptor from node connection: 시스템에 부착된 장치가 작동하지 않습니다. (0x1F)
3월 16, 2022 09:33:28.102 [14456:11348:0316/093328.101:ERROR:device_event_log_impl.cc(214)] [09:33:28.101] USB: usb_device_handle_win.cc:1049 Failed to read descriptor from node connection: 시스템에 부착된 장치가 작동하지 않습니다. (0x1F)
3월 16, 2022 09:33:28.103 [14456:11348:0316/093328.102:ERROR:device_event_log_impl.cc(214)] [09:33:28.102] USB: usb_device_handle_win.cc:1049 Failed to read descriptor from node connection: 시스템에 부착된 장치가 작동하지 않습니다. (0x1F)
3월 16, 2022 09:33:28.103 [14456:11348:0316/093328.102:ERROR:device_event_log_impl.cc(214)] [09:33:28.102] USB: usb_device_handle_win.cc:1049 Failed to read descriptor from node connection: 시스템에 부착된 장치가 작동하지 않습니다. (0x1F)
3월 16, 2022 09:35:36.440 [7616:13592:0316/093536.437:ERROR:device_event_log_impl.cc(214)] [09:35:36.438] USB: usb_device_handle_win.cc:1049 Failed to read descriptor from node connection: 시스템에 부착된 장치가 작동하지 않습니다. (0x1F)
3월 16, 2022 09:35:36.441 [7616:13592:0316/093536.439:ERROR:device_event_log_impl.cc(214)] [09:35:36.438] USB: usb_device_handle_win.cc:1049 Failed to read descriptor from node connection: 시스템에 부착된 장치가 작동하지 않습니다. (0x1F)
3월 16, 2022 09:35:36.441 [7616:13592:0316/093536.439:ERROR:device_event_log_impl.cc(214)] [09:35:36.438] USB: usb_device_handle_win.cc:1049 Failed to read descriptor from node connection: 시스템에 부착된 장치가 작동하지 않습니다. (0x1F)
3월 16, 2022 09:37:04.29 [22776:13008:0316/093704.027:ERROR:device_event_log_impl.cc(214)] [09:37:04.027] USB: usb_device_handle_win.cc:1049 Failed to read descriptor from node connection: 시스템에 부착된 장치가 작동하지 않습니다. (0x1F)
3월 16, 2022 09:37:04.33 [22776:13008:0316/093704.032:ERROR:device_event_log_impl.cc(214)] [09:37:04.032] USB: usb_device_handle_win.cc:1049 Failed to read descriptor from node connection: 시스템에 부착된 장치가 작동하지 않습니다. (0x1F)
3월 16, 2022 09:37:04.34 [22776:13008:0316/093704.033:ERROR:device_event_log_impl.cc(214)] [09:37:04.033] USB: usb_device_handle_win.cc:1049 Failed to read descriptor from node connection: 시스템에 부착된 장치가 작동하지 않습니다. (0x1F)
3월 16, 2022 09:43:08.259 [1820:23572:0316/094308.258:ERROR:device_event_log_impl.cc(214)] [09:43:08.258] USB: usb_device_handle_win.cc:1049 Failed to read descriptor from node connection: 시스템에 부착된 장치가 작동하지 않습니다. (0x1F)
3월 16, 2022 09:43:08.260 [1820:23572:0316/094308.259:ERROR:device_event_log_impl.cc(214)] [09:43:08.259] USB: usb_device_handle_win.cc:1049 Failed to read descriptor from node connection: 시스템에 부착된 장치가 작동하지 않습니다. (0x1F)
3월 16, 2022 09:43:08.260 [1820:23572:0316/094308.259:ERROR:device_event_log_impl.cc(214)] [09:43:08.259] USB: usb_device_handle_win.cc:1049 Failed to read descriptor from node connection: 시스템에 부착된 장치가 작동하지 않습니다. (0x1F)
3월 16, 2022 10:03:40.509 [1820:23572:0316/100340.507:ERROR:interface_endpoint_client.cc(659)] Message 1 rejected by interface blink.mojom.WidgetHost
3월 16, 2022 14:14:14.465 [9924:10120:0316/141414.464:ERROR:device_event_log_impl.cc(214)] [14:14:14.464] USB: usb_device_handle_win.cc:1049 Failed to read descriptor from node connection: 시스템에 부착된 장치가 작동하지 않습니다. (0x1F)
3월 16, 2022 14:14:14.469 [9924:10120:0316/141414.465:ERROR:device_event_log_impl.cc(214)] [14:14:14.465] USB: usb_device_handle_win.cc:1049 Failed to read descriptor from node connection: 시스템에 부착된 장치가 작동하지 않습니다. (0x1F)
3월 16, 2022 14:14:14.470 [9924:10120:0316/141414.465:ERROR:device_event_log_impl.cc(214)] [14:14:14.466] USB: usb_device_handle_win.cc:1049 Failed to read descriptor from node connection: 시스템에 부착된 장치가 작동하지 않습니다. (0x1F)
3월 16, 2022 14:53:01.148 [5036:11484:0316/145301.142:ERROR:device_event_log_impl.cc(214)] [14:53:01.143] USB: usb_device_handle_win.cc:1049 Failed to read descriptor from node connection: 시스템에 부착된 장치가 작동하지 않습니다. (0x1F)
3월 16, 2022 14:53:01.176 [5036:11484:0316/145301.174:ERROR:device_event_log_impl.cc(214)] [14:53:01.175] USB: usb_device_handle_win.cc:1049 Failed to read descriptor from node connection: 시스템에 부착된 장치가 작동하지 않습니다. (0x1F)
3월 16, 2022 14:53:01.185 [5036:11484:0316/145301.183:ERROR:device_event_log_impl.cc(214)] [14:53:01.183] USB: usb_device_handle_win.cc:1049 Failed to read descriptor from node connection: 시스템에 부착된 장치가 작동하지 않습니다. (0x1F)
3월 16, 2022 15:14:13.372 [6020:16132:0316/151413.368:ERROR:device_event_log_impl.cc(214)] [15:14:13.368] USB: usb_device_handle_win.cc:1049 Failed to read descriptor from node connection: 시스템에 부착된 장치가 작동하지 않습니다. (0x1F)
3월 16, 2022 15:14:13.375 [6020:16132:0316/151413.373:ERROR:device_event_log_impl.cc(214)] [15:14:13.373] USB: usb_device_handle_win.cc:1049 Failed to read descriptor from node connection: 시스템에 부착된 장치가 작동하지 않습니다. (0x1F)
3월 16, 2022 15:14:13.376 [6020:16132:0316/151413.373:ERROR:device_event_log_impl.cc(214)] [15:14:13.373] USB: usb_device_handle_win.cc:1049 Failed to read descriptor from node connection: 시스템에 부착된 장치가 작동하지 않습니다. (0x1F)
3월 16, 2022 15:33:09.482 [6020:16028:0316/153309.480:ERROR:database.cc(1777)] Passwords SQLite error: code 2067 errno 0: UNIQUE constraint failed: logins.origin_url, logins.username_element, logins.username_value, logins.password_element, logins.signon_realm sql: INSERT INTO logins (origin_url, action_url, username_element, username_value, password_element, password_value, submit_element, signon_realm, date_created, blacklisted_by_user, scheme, password_type, times_used, form_data, display_name, icon_url, federation_url, skip_zero_click, generation_upload_status, possible_username_pairs, id, date_last_used, moving_blocked_for, date_password_modified) VALUES (?,?,?,?,?,?,?,?,?,?,?,?,?,?,?,?,?,?,?,?,?,?,?,?)

3월 16, 2022 17:35:10.635 NEW SESSION
3월 16, 2022 17:35:10.636 [14784:19540:0316/173510.625:ERROR:device_event_log_impl.cc(214)] [17:35:10.625] USB: usb_device_handle_win.cc:1049 Failed to read descriptor from node connection: 시스템에 부착된 장치가 작동하지 않습니다. (0x1F)
3월 16, 2022 17:35:10.636 [14784:19540:0316/173510.627:ERROR:device_event_log_impl.cc(214)] [17:35:10.626] USB: usb_device_handle_win.cc:1049 Failed to read descriptor from node connection: 시스템에 부착된 장치가 작동하지 않습니다. (0x1F)
3월 16, 2022 17:35:10.637 [14784:19540:0316/173510.627:ERROR:device_event_log_impl.cc(214)] [17:35:10.626] USB: usb_device_handle_win.cc:1049 Failed to read descriptor from node connection: 시스템에 부착된 장치가 작동하지 않습니다. (0x1F)

3월 17, 2022 09:39:19.87 NEW SESSION
3월 17, 2022 09:39:19.87 [10904:20516:0317/093919.082:ERROR:device_event_log_impl.cc(214)] [09:39:19.082] USB: usb_device_handle_win.cc:1049 Failed to read descriptor from node connection: 시스템에 부착된 장치가 작동하지 않습니다. (0x1F)
3월 17, 2022 09:39:19.88 [10904:20516:0317/093919.083:ERROR:device_event_log_impl.cc(214)] [09:39:19.083] USB: usb_device_handle_win.cc:1049 Failed to read descriptor from node connection: 시스템에 부착된 장치가 작동하지 않습니다. (0x1F)
3월 17, 2022 09:39:19.89 [10904:20516:0317/093919.083:ERROR:device_event_log_impl.cc(214)] [09:39:19.083] USB: usb_device_handle_win.cc:1049 Failed to read descriptor from node connection: 시스템에 부착된 장치가 작동하지 않습니다. (0x1F)
3월 17, 2022 16:20:35.01 [10904:13360:0317/162034.991:ERROR:connection_factory_impl.cc(425)] Failed to connect to MCS endpoint with error -106
3월 17, 2022 17:00:37.399 [1136:11200:0317/170037.398:ERROR:device_event_log_impl.cc(214)] [17:00:37.397] USB: usb_device_handle_win.cc:1049 Failed to read descriptor from node connection: 시스템에 부착된 장치가 작동하지 않습니다. (0x1F)
3월 17, 2022 17:00:37.403 [1136:11200:0317/170037.400:ERROR:device_event_log_impl.cc(214)] [17:00:37.400] USB: usb_device_handle_win.cc:1049 Failed to read descriptor from node connection: 시스템에 부착된 장치가 작동하지 않습니다. (0x1F)
3월 17, 2022 17:00:37.406 [1136:11200:0317/170037.401:ERROR:device_event_log_impl.cc(214)] [17:00:37.401] USB: usb_device_handle_win.cc:1049 Failed to read descriptor from node connection: 시스템에 부착된 장치가 작동하지 않습니다. (0x1F)
3월 17, 2022 17:56:46.409 [21104:23688:0317/175646.407:ERROR:device_event_log_impl.cc(214)] [17:56:46.407] USB: usb_device_handle_win.cc:1049 Failed to read descriptor from node connection: 시스템에 부착된 장치가 작동하지 않습니다. (0x1F)
3월 17, 2022 17:56:46.411 [21104:23688:0317/175646.408:ERROR:device_event_log_impl.cc(214)] [17:56:46.408] USB: usb_device_handle_win.cc:1049 Failed to read descriptor from node connection: 시스템에 부착된 장치가 작동하지 않습니다. (0x1F)
3월 17, 2022 17:56:46.412 [21104:23688:0317/175646.408:ERROR:device_event_log_impl.cc(214)] [17:56:46.408] USB: usb_device_handle_win.cc:1049 Failed to read descriptor from node connection: 시스템에 부착된 장치가 작동하지 않습니다. (0x1F)
3월 17, 2022 19:37:37.602 [23668:14548:0317/193737.600:ERROR:device_event_log_impl.cc(214)] [19:37:37.600] USB: usb_device_handle_win.cc:1049 Failed to read descriptor from node connection: 시스템에 부착된 장치가 작동하지 않습니다. (0x1F)
3월 17, 2022 19:37:37.602 [23668:14548:0317/193737.602:ERROR:device_event_log_impl.cc(214)] [19:37:37.602] USB: usb_device_handle_win.cc:1049 Failed to read descriptor from node connection: 시스템에 부착된 장치가 작동하지 않습니다. (0x1F)
3월 17, 2022 19:37:37.603 [23668:14548:0317/193737.602:ERROR:device_event_log_impl.cc(214)] [19:37:37.602] USB: usb_device_handle_win.cc:1049 Failed to read descriptor from node connection: 시스템에 부착된 장치가 작동하지 않습니다. (0x1F)
3월 17, 2022 19:49:33.992 [18976:21068:0317/194933.991:ERROR:device_event_log_impl.cc(214)] [19:49:33.991] USB: usb_device_handle_win.cc:1049 Failed to read descriptor from node connection: 시스템에 부착된 장치가 작동하지 않습니다. (0x1F)
3월 17, 2022 19:49:33.993 [18976:21068:0317/194933.992:ERROR:device_event_log_impl.cc(214)] [19:49:33.992] USB: usb_device_handle_win.cc:1049 Failed to read descriptor from node connection: 시스템에 부착된 장치가 작동하지 않습니다. (0x1F)
3월 17, 2022 19:49:33.994 [18976:21068:0317/194933.992:ERROR:device_event_log_impl.cc(214)] [19:49:33.992] USB: usb_device_handle_win.cc:1049 Failed to read descriptor from node connection: 시스템에 부착된 장치가 작동하지 않습니다. (0x1F)

3월 18, 2022 20:33:19.456 NEW SESSION
3월 18, 2022 20:33:19.456 [19948:11244:0318/203319.449:ERROR:device_event_log_impl.cc(214)] [20:33:19.449] USB: usb_device_handle_win.cc:1049 Failed to read descriptor from node connection: 시스템에 부착된 장치가 작동하지 않습니다. (0x1F)
3월 18, 2022 20:33:19.457 [19948:11244:0318/203319.451:ERROR:device_event_log_impl.cc(214)] [20:33:19.451] USB: usb_device_handle_win.cc:1049 Failed to read descriptor from node connection: 시스템에 부착된 장치가 작동하지 않습니다. (0x1F)
3월 18, 2022 20:33:19.458 [19948:11244:0318/203319.451:ERROR:device_event_log_impl.cc(214)] [20:33:19.451] USB: usb_device_handle_win.cc:1049 Failed to read descriptor from node connection: 시스템에 부착된 장치가 작동하지 않습니다. (0x1F)
3월 18, 2022 22:29:49.275 [21788:12680:0318/222949.274:ERROR:device_event_log_impl.cc(214)] [22:29:49.274] USB: usb_device_handle_win.cc:1049 Failed to read descriptor from node connection: 시스템에 부착된 장치가 작동하지 않습니다. (0x1F)
3월 18, 2022 22:29:49.279 [21788:12680:0318/222949.275:ERROR:device_event_log_impl.cc(214)] [22:29:49.275] USB: usb_device_handle_win.cc:1049 Failed to read descriptor from node connection: 시스템에 부착된 장치가 작동하지 않습니다. (0x1F)
3월 18, 2022 22:29:49.280 [21788:12680:0318/222949.275:ERROR:device_event_log_impl.cc(214)] [22:29:49.275] USB: usb_device_handle_win.cc:1049 Failed to read descriptor from node connection: 시스템에 부착된 장치가 작동하지 않습니다. (0x1F)
3월 18, 2022 22:31:48.13 [4940:23724:0318/223148.011:ERROR:device_event_log_impl.cc(214)] [22:31:48.011] USB: usb_device_handle_win.cc:1049 Failed to read descriptor from node connection: 시스템에 부착된 장치가 작동하지 않습니다. (0x1F)
3월 18, 2022 22:31:48.15 [4940:23724:0318/223148.013:ERROR:device_event_log_impl.cc(214)] [22:31:48.012] USB: usb_device_handle_win.cc:1049 Failed to read descriptor from node connection: 시스템에 부착된 장치가 작동하지 않습니다. (0x1F)
3월 18, 2022 22:31:48.15 [4940:23724:0318/223148.013:ERROR:device_event_log_impl.cc(214)] [22:31:48.012] USB: usb_device_handle_win.cc:1049 Failed to read descriptor from node connection: 시스템에 부착된 장치가 작동하지 않습니다. (0x1F)

3월 21, 2022 11:14:49.67 NEW SESSION
3월 21, 2022 11:14:49.68 [24180:24028:0321/111449.063:ERROR:device_event_log_impl.cc(214)] [11:14:49.063] USB: usb_device_handle_win.cc:1049 Failed to read descriptor from node connection: 시스템에 부착된 장치가 작동하지 않습니다. (0x1F)
3월 21, 2022 11:14:49.68 [24180:24028:0321/111449.065:ERROR:device_event_log_impl.cc(214)] [11:14:49.064] USB: usb_device_handle_win.cc:1049 Failed to read descriptor from node connection: 시스템에 부착된 장치가 작동하지 않습니다. (0x1F)
3월 21, 2022 11:14:49.69 [24180:24028:0321/111449.065:ERROR:device_event_log_impl.cc(214)] [11:14:49.064] USB: usb_device_handle_win.cc:1049 Failed to read descriptor from node connection: 시스템에 부착된 장치가 작동하지 않습니다. (0x1F)
3월 21, 2022 16:39:16.919 [3056:24960:0321/163916.918:ERROR:device_event_log_impl.cc(214)] [16:39:16.918] USB: usb_device_handle_win.cc:1049 Failed to read descriptor from node connection: 시스템에 부착된 장치가 작동하지 않습니다. (0x1F)
3월 21, 2022 16:39:16.920 [3056:24960:0321/163916.919:ERROR:device_event_log_impl.cc(214)] [16:39:16.919] USB: usb_device_handle_win.cc:1049 Failed to read descriptor from node connection: 시스템에 부착된 장치가 작동하지 않습니다. (0x1F)
3월 21, 2022 16:39:16.921 [3056:24960:0321/163916.919:ERROR:device_event_log_impl.cc(214)] [16:39:16.919] USB: usb_device_handle_win.cc:1049 Failed to read descriptor from node connection: 시스템에 부착된 장치가 작동하지 않습니다. (0x1F)
3월 21, 2022 20:36:57.945 [13472:23064:0321/203657.942:ERROR:device_event_log_impl.cc(214)] [20:36:57.942] USB: usb_device_handle_win.cc:1049 Failed to read descriptor from node connection: 시스템에 부착된 장치가 작동하지 않습니다. (0x1F)
3월 21, 2022 20:36:57.952 [13472:23064:0321/203657.945:ERROR:device_event_log_impl.cc(214)] [20:36:57.945] USB: usb_device_handle_win.cc:1049 Failed to read descriptor from node connection: 시스템에 부착된 장치가 작동하지 않습니다. (0x1F)
3월 21, 2022 20:36:57.953 [13472:23064:0321/203657.946:ERROR:device_event_log_impl.cc(214)] [20:36:57.946] USB: usb_device_handle_win.cc:1049 Failed to read descriptor from node connection: 시스템에 부착된 장치가 작동하지 않습니다. (0x1F)

3월 22, 2022 09:48:12.811 NEW SESSION
3월 22, 2022 09:48:12.811 [24808:17492:0322/094812.808:ERROR:device_event_log_impl.cc(214)] [09:48:12.807] USB: usb_device_handle_win.cc:1049 Failed to read descriptor from node connection: 시스템에 부착된 장치가 작동하지 않습니다. (0x1F)
3월 22, 2022 09:48:12.812 [24808:17492:0322/094812.810:ERROR:device_event_log_impl.cc(214)] [09:48:12.809] USB: usb_device_handle_win.cc:1049 Failed to read descriptor from node connection: 시스템에 부착된 장치가 작동하지 않습니다. (0x1F)
3월 22, 2022 09:48:12.812 [24808:17492:0322/094812.810:ERROR:device_event_log_impl.cc(214)] [09:48:12.809] USB: usb_device_handle_win.cc:1049 Failed to read descriptor from node connection: 시스템에 부착된 장치가 작동하지 않습니다. (0x1F)
3월 22, 2022 10:14:35.251 [17828:15308:0322/101435.246:ERROR:device_event_log_impl.cc(214)] [10:14:35.246] USB: usb_device_handle_win.cc:1049 Failed to read descriptor from node connection: 시스템에 부착된 장치가 작동하지 않습니다. (0x1F)
3월 22, 2022 10:14:35.256 [17828:15308:0322/101435.250:ERROR:device_event_log_impl.cc(214)] [10:14:35.250] USB: usb_device_handle_win.cc:1049 Failed to read descriptor from node connection: 시스템에 부착된 장치가 작동하지 않습니다. (0x1F)
3월 22, 2022 10:14:35.257 [17828:15308:0322/101435.250:ERROR:device_event_log_impl.cc(214)] [10:14:35.250] USB: usb_device_handle_win.cc:1049 Failed to read descriptor from node connection: 시스템에 부착된 장치가 작동하지 않습니다. (0x1F)
3월 22, 2022 10:45:20.38 [9144:5336:0322/104520.036:ERROR:device_event_log_impl.cc(214)] [10:45:20.035] USB: usb_device_handle_win.cc:1049 Failed to read descriptor from node connection: 시스템에 부착된 장치가 작동하지 않습니다. (0x1F)
3월 22, 2022 10:45:20.40 [9144:5336:0322/104520.037:ERROR:device_event_log_impl.cc(214)] [10:45:20.037] USB: usb_device_handle_win.cc:1049 Failed to read descriptor from node connection: 시스템에 부착된 장치가 작동하지 않습니다. (0x1F)
3월 22, 2022 10:45:20.40 [9144:5336:0322/104520.037:ERROR:device_event_log_impl.cc(214)] [10:45:20.037] USB: usb_device_handle_win.cc:1049 Failed to read descriptor from node connection: 시스템에 부착된 장치가 작동하지 않습니다. (0x1F)

3월 22, 2022 11:13:49.843 NEW SESSION
3월 22, 2022 11:13:49.843 [23816:11072:0322/111349.840:ERROR:device_event_log_impl.cc(214)] [11:13:49.840] USB: usb_device_handle_win.cc:1049 Failed to read descriptor from node connection: 시스템에 부착된 장치가 작동하지 않습니다. (0x1F)
3월 22, 2022 11:13:49.844 [23816:11072:0322/111349.841:ERROR:device_event_log_impl.cc(214)] [11:13:49.841] USB: usb_device_handle_win.cc:1049 Failed to read descriptor from node connection: 시스템에 부착된 장치가 작동하지 않습니다. (0x1F)
3월 22, 2022 11:13:49.844 [23816:11072:0322/111349.841:ERROR:device_event_log_impl.cc(214)] [11:13:49.841] USB: usb_device_handle_win.cc:1049 Failed to read descriptor from node connection: 시스템에 부착된 장치가 작동하지 않습니다. (0x1F)
3월 22, 2022 11:20:08.157 [23816:11072:0322/112008.155:ERROR:interface_endpoint_client.cc(659)] Message 1 rejected by interface blink.mojom.WidgetHost
3월 22, 2022 11:23:35.964 [23816:11072:0322/112335.964:ERROR:interface_endpoint_client.cc(659)] Message 1 rejected by interface blink.mojom.WidgetHost

3월 22, 2022 15:30:30.120 NEW SESSION
3월 22, 2022 15:30:30.121 [16236:8044:0322/153030.076:ERROR:device_event_log_impl.cc(214)] [15:30:30.075] USB: usb_device_handle_win.cc:1049 Failed to read descriptor from node connection: 시스템에 부착된 장치가 작동하지 않습니다. (0x1F)
3월 22, 2022 15:30:30.126 [16236:8044:0322/153030.080:ERROR:device_event_log_impl.cc(214)] [15:30:30.079] USB: usb_device_handle_win.cc:1049 Failed to read descriptor from node connection: 시스템에 부착된 장치가 작동하지 않습니다. (0x1F)
3월 22, 2022 15:30:30.130 [16236:8044:0322/153030.080:ERROR:device_event_log_impl.cc(214)] [15:30:30.080] USB: usb_device_handle_win.cc:1049 Failed to read descriptor from node connection: 시스템에 부착된 장치가 작동하지 않습니다. (0x1F)
3월 22, 2022 15:33:29.462 [15772:2020:0322/153329.462:ERROR:device_event_log_impl.cc(214)] [15:33:29.462] USB: usb_device_handle_win.cc:1049 Failed to read descriptor from node connection: 시스템에 부착된 장치가 작동하지 않습니다. (0x1F)
3월 22, 2022 15:33:29.463 [15772:2020:0322/153329.463:ERROR:device_event_log_impl.cc(214)] [15:33:29.463] USB: usb_device_handle_win.cc:1049 Failed to read descriptor from node connection: 시스템에 부착된 장치가 작동하지 않습니다. (0x1F)
3월 22, 2022 15:33:29.463 [15772:2020:0322/153329.463:ERROR:device_event_log_impl.cc(214)] [15:33:29.463] USB: usb_device_handle_win.cc:1049 Failed to read descriptor from node connection: 시스템에 부착된 장치가 작동하지 않습니다. (0x1F)
3월 22, 2022 15:52:58.443 [15856:12548:0322/155258.441:ERROR:device_event_log_impl.cc(214)] [15:52:58.442] USB: usb_device_handle_win.cc:1049 Failed to read descriptor from node connection: 시스템에 부착된 장치가 작동하지 않습니다. (0x1F)
3월 22, 2022 15:52:58.444 [15856:12548:0322/155258.442:ERROR:device_event_log_impl.cc(214)] [15:52:58.443] USB: usb_device_handle_win.cc:1049 Failed to read descriptor from node connection: 시스템에 부착된 장치가 작동하지 않습니다. (0x1F)
3월 22, 2022 15:52:58.445 [15856:12548:0322/155258.443:ERROR:device_event_log_impl.cc(214)] [15:52:58.443] USB: usb_device_handle_win.cc:1049 Failed to read descriptor from node connection: 시스템에 부착된 장치가 작동하지 않습니다. (0x1F)
3월 22, 2022 16:52:52.633 [11732:2676:0322/165252.631:ERROR:device_event_log_impl.cc(214)] [16:52:52.630] USB: usb_device_handle_win.cc:1049 Failed to read descriptor from node connection: 시스템에 부착된 장치가 작동하지 않습니다. (0x1F)
3월 22, 2022 16:52:52.634 [11732:2676:0322/165252.632:ERROR:device_event_log_impl.cc(214)] [16:52:52.631] USB: usb_device_handle_win.cc:1049 Failed to read descriptor from node connection: 시스템에 부착된 장치가 작동하지 않습니다. (0x1F)
3월 22, 2022 16:52:52.634 [11732:2676:0322/165252.632:ERROR:device_event_log_impl.cc(214)] [16:52:52.631] USB: usb_device_handle_win.cc:1049 Failed to read descriptor from node connection: 시스템에 부착된 장치가 작동하지 않습니다. (0x1F)
3월 22, 2022 17:11:01.899 [2324:17332:0322/171101.897:ERROR:device_event_log_impl.cc(214)] [17:11:01.897] USB: usb_device_handle_win.cc:1049 Failed to read descriptor from node connection: 시스템에 부착된 장치가 작동하지 않습니다. (0x1F)
3월 22, 2022 17:11:01.900 [2324:17332:0322/171101.898:ERROR:device_event_log_impl.cc(214)] [17:11:01.898] USB: usb_device_handle_win.cc:1049 Failed to read descriptor from node connection: 시스템에 부착된 장치가 작동하지 않습니다. (0x1F)
3월 22, 2022 17:11:01.900 [2324:17332:0322/171101.898:ERROR:device_event_log_impl.cc(214)] [17:11:01.898] USB: usb_device_handle_win.cc:1049 Failed to read descriptor from node connection: 시스템에 부착된 장치가 작동하지 않습니다. (0x1F)
